<?xml version="1.0" encoding="UTF-8"?>
<!-- Generated by org.testng.reporters.JUnitReportReporter -->
<testsuite hostname="DESKTOP-KAFSTVS" failures="0" tests="1" name="automationTestNG.Testscript1" time="0.022" errors="0" timestamp="2019-11-11T13:55:22 IST" skipped="0">
  <testcase classname="automationTestNG.Testscript1" name="testmethod" time="0.022"/>
</testsuite> <!-- automationTestNG.Testscript1 -->
