<?xml version="1.0" encoding="UTF-8"?>
<!-- Generated by org.testng.reporters.JUnitReportReporter -->
<testsuite hostname="DESKTOP-KAFSTVS" failures="0" tests="1" name="windows.HandcarIndia" time="23.380" errors="0" timestamp="2019-11-16T15:57:58 IST" skipped="0">
  <testcase classname="windows.HandcarIndia" name="Test" time="23.380"/>
</testsuite> <!-- windows.HandcarIndia -->
