<?xml version="1.0" encoding="UTF-8"?>
<!-- Generated by org.testng.reporters.JUnitReportReporter -->
<testsuite hostname="DESKTOP-KAFSTVS" failures="0" tests="1" name="seliniumgrid.Testscript2" time="27.421" errors="0" timestamp="2019-11-13T15:15:21 IST" skipped="0">
  <testcase classname="seliniumgrid.Testscript2" name="testMethod" time="27.421"/>
</testsuite> <!-- seliniumgrid.Testscript2 -->
