<?xml version="1.0" encoding="UTF-8"?>
<!-- Generated by org.testng.reporters.JUnitReportReporter -->
<testsuite hostname="DESKTOP-KAFSTVS" failures="0" tests="1" name="automationTestNG.Testscript2" time="164.114" errors="0" timestamp="2019-11-17T14:03:48 IST" skipped="0">
  <testcase classname="automationTestNG.Testscript2" name="bookATicket" time="164.114"/>
</testsuite> <!-- automationTestNG.Testscript2 -->
