<?xml version="1.0" encoding="UTF-8"?>
<!-- Generated by org.testng.reporters.JUnitReportReporter -->
<testsuite hostname="DESKTOP-KAFSTVS" failures="0" tests="1" name="steps.TestRunner" time="0.453" errors="0" timestamp="2019-11-14T16:47:58 IST" skipped="1">
  <testcase classname="steps.TestRunner" name="runScenario" time="0.453">
    <skipped/>
  </testcase> <!-- runScenario -->
</testsuite> <!-- steps.TestRunner -->
